\BOOKMARK [1][-]{section.1}{\376\377\000T\000\355\000t\000u\000l\000o\000\040\000d\000e\000\040\000l\000a\000\040\000A\000p\000l\000i\000c\000a\000c\000i\000\363\000n}{}% 1
\BOOKMARK [1][-]{section.2}{\376\377\000D\000e\000s\000c\000r\000i\000p\000c\000i\000\363\000n\000\040\000d\000e\000\040\000l\000a\000\040\000A\000p\000l\000i\000c\000a\000c\000i\000\363\000n}{}% 2
\BOOKMARK [1][-]{section.3}{\376\377\000O\000b\000j\000e\000t\000i\000v\000o\000s}{}% 3
\BOOKMARK [2][-]{subsection.3.1}{\376\377\000O\000b\000j\000e\000t\000i\000v\000o\000\040\000G\000e\000n\000e\000r\000a\000l}{section.3}% 4
\BOOKMARK [2][-]{subsection.3.2}{\376\377\000O\000b\000j\000e\000t\000i\000v\000o\000s\000\040\000E\000s\000p\000e\000c\000\355\000f\000i\000c\000o\000s}{section.3}% 5
\BOOKMARK [1][-]{section.4}{\376\377\000A\000n\000\341\000l\000i\000s\000i\000s\000\040\000d\000e\000\040\000R\000e\000q\000u\000e\000r\000i\000m\000i\000e\000n\000t\000o\000s\000\040\000y\000\040\000E\000s\000p\000e\000c\000i\000f\000i\000c\000a\000c\000i\000\363\000n\000\040\000e\000n\000\040\000U\000M\000L}{}% 6
\BOOKMARK [2][-]{subsection.4.1}{\376\377\000R\000e\000q\000u\000e\000r\000i\000m\000i\000e\000n\000t\000o\000s\000\040\000F\000u\000n\000c\000i\000o\000n\000a\000l\000e\000s\000\040\000y\000\040\000N\000o\000\040\000F\000u\000n\000c\000i\000o\000n\000a\000l\000e\000s}{section.4}% 7
\BOOKMARK [2][-]{subsection.4.2}{\376\377\000D\000i\000a\000g\000r\000a\000m\000a\000\040\000d\000e\000\040\000C\000a\000s\000o\000s\000\040\000d\000e\000\040\000U\000s\000o\000\040\000\050\000U\000M\000L\000\051}{section.4}% 8
\BOOKMARK [2][-]{subsection.4.3}{\376\377\000D\000i\000a\000g\000r\000a\000m\000a\000\040\000d\000e\000\040\000C\000l\000a\000s\000e\000s\000\040\000\050\000U\000M\000L\000\051}{section.4}% 9
\BOOKMARK [2][-]{subsection.4.4}{\376\377\000A\000r\000q\000u\000i\000t\000e\000c\000t\000u\000r\000a\000\040\000d\000e\000\040\000l\000a\000\040\000A\000p\000l\000i\000c\000a\000c\000i\000\363\000n}{section.4}% 10
\BOOKMARK [1][-]{section.5}{\376\377\000D\000i\000s\000e\000\361\000o\000\040\000d\000e\000\040\000l\000a\000\040\000I\000n\000t\000e\000r\000f\000a\000z\000\040\000G\000r\000\341\000f\000i\000c\000a}{}% 11
\BOOKMARK [2][-]{subsection.5.1}{\376\377\000E\000s\000t\000r\000u\000c\000t\000u\000r\000a\000\040\000G\000e\000n\000e\000r\000a\000l\000\040\000d\000e\000\040\000N\000a\000v\000e\000g\000a\000c\000i\000\363\000n}{section.5}% 12
\BOOKMARK [2][-]{subsection.5.2}{\376\377\000P\000r\000o\000t\000o\000t\000i\000p\000o\000\040\000d\000e\000\040\000I\000n\000t\000e\000r\000f\000a\000z\000\040\040\024\000\040\000V\000i\000s\000t\000a\000\040\000P\000r\000i\000n\000c\000i\000p\000a\000l\000\040\000c\000o\000n\000\040\000D\000o\000s\000\040\000F\000r\000a\000g\000m\000e\000n\000t\000o\000s}{section.5}% 13
\BOOKMARK [2][-]{subsection.5.3}{\376\377\000D\000e\000s\000c\000r\000i\000p\000c\000i\000\363\000n\000\040\000d\000e\000\040\000l\000o\000s\000\040\000F\000r\000a\000g\000m\000e\000n\000t\000o\000s}{section.5}% 14
\BOOKMARK [3][-]{subsubsection.5.3.1}{\376\377\000F\000r\000a\000g\000m\000e\000n\000t\000o\000\040\000I\000z\000q\000u\000i\000e\000r\000d\000o\000\040\040\024\000\040\000M\000e\000n\000\372\000\040\000d\000e\000\040\000N\000a\000v\000e\000g\000a\000c\000i\000\363\000n}{subsection.5.3}% 15
\BOOKMARK [3][-]{subsubsection.5.3.2}{\376\377\000F\000r\000a\000g\000m\000e\000n\000t\000o\000\040\000P\000e\000r\000f\000i\000l}{subsection.5.3}% 16
\BOOKMARK [3][-]{subsubsection.5.3.3}{\376\377\000F\000r\000a\000g\000m\000e\000n\000t\000o\000\040\000F\000o\000t\000o\000s}{subsection.5.3}% 17
\BOOKMARK [3][-]{subsubsection.5.3.4}{\376\377\000F\000r\000a\000g\000m\000e\000n\000t\000o\000\040\000V\000i\000d\000e\000o}{subsection.5.3}% 18
\BOOKMARK [3][-]{subsubsection.5.3.5}{\376\377\000F\000r\000a\000g\000m\000e\000n\000t\000o\000\040\000W\000e\000b}{subsection.5.3}% 19
\BOOKMARK [3][-]{subsubsection.5.3.6}{\376\377\000F\000r\000a\000g\000m\000e\000n\000t\000o\000\040\000B\000o\000t\000o\000n\000e\000s}{subsection.5.3}% 20
\BOOKMARK [2][-]{subsection.5.4}{\376\377\000P\000a\000l\000e\000t\000a\000\040\000d\000e\000\040\000C\000o\000l\000o\000r\000e\000s\000\040\000y\000\040\000E\000s\000p\000e\000c\000i\000f\000i\000c\000a\000c\000i\000o\000n\000e\000s\000\040\000d\000e\000\040\000D\000i\000s\000e\000\361\000o}{section.5}% 21
\BOOKMARK [2][-]{subsection.5.5}{\376\377\000E\000s\000t\000r\000u\000c\000t\000u\000r\000a\000\040\000d\000e\000\040\000P\000a\000n\000t\000a\000l\000l\000a\000s}{section.5}% 22
\BOOKMARK [3][-]{subsubsection.5.5.1}{\376\377\000P\000a\000n\000t\000a\000l\000l\000a\000\040\000P\000r\000i\000n\000c\000i\000p\000a\000l\000\040\000\050\000M\000a\000i\000n\000A\000c\000t\000i\000v\000i\000t\000y\000\051}{subsection.5.5}% 23
\BOOKMARK [3][-]{subsubsection.5.5.2}{\376\377\000H\000o\000m\000e\000\040\040\024\000\040\000M\000e\000n\000\372\000\040\000S\000e\000m\000a\000n\000a\000l}{subsection.5.5}% 24
\BOOKMARK [3][-]{subsubsection.5.5.3}{\376\377\000D\000e\000t\000a\000l\000l\000e\000\040\000d\000e\000\040\000R\000e\000c\000e\000t\000a}{subsection.5.5}% 25
\BOOKMARK [3][-]{subsubsection.5.5.4}{\376\377\000F\000a\000v\000o\000r\000i\000t\000o\000s}{subsection.5.5}% 26
\BOOKMARK [3][-]{subsubsection.5.5.5}{\376\377\000G\000e\000n\000e\000r\000a\000d\000o\000r\000\040\000P\000e\000r\000s\000o\000n\000a\000l\000i\000z\000a\000d\000o}{subsection.5.5}% 27
\BOOKMARK [3][-]{subsubsection.5.5.6}{\376\377\000C\000o\000n\000f\000i\000g\000u\000r\000a\000c\000i\000\363\000n}{subsection.5.5}% 28
\BOOKMARK [2][-]{subsection.5.6}{\376\377\000M\000o\000d\000e\000l\000o\000\040\000d\000e\000\040\000D\000a\000t\000o\000s}{section.5}% 29
\BOOKMARK [1][-]{section.6}{\376\377\000R\000e\000f\000e\000r\000e\000n\000c\000i\000a\000s}{}% 30
\BOOKMARK [1][-]{section.7}{\376\377\000E\000n\000t\000r\000e\000g\000a\000\040\000p\000r\000o\000y\000e\000c\000t\000o\000\040\0002\000\040\040\024\000\040\000E\000s\000c\000e\000n\000a\000r\000i\000o\000\040\0005}{}% 31
\BOOKMARK [2][-]{subsection.7.1}{\376\377\000A\000c\000t\000i\000v\000i\000d\000a\000d\000e\000s\000\040\000y\000\040\000F\000r\000a\000g\000m\000e\000n\000t\000o\000s\000\040\000q\000u\000e\000\040\000u\000t\000i\000l\000i\000z\000a\000\040\000l\000a\000\040\000a\000p\000l\000i\000c\000a\000c\000i\000\363\000n}{section.7}% 32
\BOOKMARK [3][-]{subsubsection.7.1.1}{\376\377\000A\000c\000t\000i\000v\000i\000d\000a\000d\000e\000s}{subsection.7.1}% 33
\BOOKMARK [3][-]{subsubsection.7.1.2}{\376\377\000F\000r\000a\000g\000m\000e\000n\000t\000o\000s}{subsection.7.1}% 34
\BOOKMARK [2][-]{subsection.7.2}{\376\377\000C\000r\000e\000a\000c\000i\000\363\000n\000\040\000d\000e\000\040\000l\000a\000\040\000i\000n\000t\000e\000r\000f\000a\000z\000\040\000p\000a\000r\000a\000\040\000c\000a\000d\000a\000\040\000A\000c\000t\000i\000v\000i\000d\000a\000d\000\040\000y\000/\000o\000\040\000F\000r\000a\000g\000m\000e\000n\000t\000o}{section.7}% 35
\BOOKMARK [3][-]{subsubsection.7.2.1}{\376\377\000M\000a\000i\000n\000A\000c\000t\000i\000v\000i\000t\000y\000\040\040\024\000\040\000I\000n\000t\000e\000r\000f\000a\000z\000\040\000r\000a\000\355\000z}{subsection.7.2}% 36
\BOOKMARK [3][-]{subsubsection.7.2.2}{\376\377\000R\000e\000c\000i\000p\000e\000D\000e\000t\000a\000i\000l\000A\000c\000t\000i\000v\000i\000t\000y\000\040\040\024\000\040\000D\000e\000t\000a\000l\000l\000e\000\040\000d\000e\000\040\000r\000e\000c\000e\000t\000a}{subsection.7.2}% 37
\BOOKMARK [3][-]{subsubsection.7.2.3}{\376\377\000C\000o\000m\000p\000o\000s\000e\000S\000c\000r\000e\000e\000n\000F\000r\000a\000g\000m\000e\000n\000t\000\040\040\024\000\040\000F\000r\000a\000g\000m\000e\000n\000t\000o\000\040\000b\000a\000s\000e\000\040\000a\000b\000s\000t\000r\000a\000c\000t\000o}{subsection.7.2}% 38
\BOOKMARK [3][-]{subsubsection.7.2.4}{\376\377\000H\000o\000m\000e\000F\000r\000a\000g\000m\000e\000n\000t\000\040\000\040\000R\000e\000c\000i\000p\000e\000L\000i\000s\000t\000S\000c\000r\000e\000e\000n\000\040\040\024\000\040\000M\000e\000n\000\372\000\040\000s\000e\000m\000a\000n\000a\000l}{subsection.7.2}% 39
\BOOKMARK [3][-]{subsubsection.7.2.5}{\376\377\000F\000a\000v\000o\000r\000i\000t\000e\000s\000F\000r\000a\000g\000m\000e\000n\000t\000\040\000\040\000F\000a\000v\000o\000r\000i\000t\000e\000s\000S\000c\000r\000e\000e\000n\000\040\040\024\000\040\000R\000e\000c\000e\000t\000a\000s\000\040\000f\000a\000v\000o\000r\000i\000t\000a\000s}{subsection.7.2}% 40
\BOOKMARK [3][-]{subsubsection.7.2.6}{\376\377\000M\000e\000n\000u\000G\000e\000n\000e\000r\000a\000t\000o\000r\000F\000r\000a\000g\000m\000e\000n\000t\000\040\000\040\000M\000e\000n\000u\000G\000e\000n\000e\000r\000a\000t\000o\000r\000S\000c\000r\000e\000e\000n\000\040\040\024\000\040\000G\000e\000n\000e\000r\000a\000d\000o\000r\000\040\000c\000o\000n\000\040\000I\000A}{subsection.7.2}% 41
\BOOKMARK [3][-]{subsubsection.7.2.7}{\376\377\000S\000e\000t\000t\000i\000n\000g\000s\000F\000r\000a\000g\000m\000e\000n\000t\000\040\000\040\000S\000e\000t\000t\000i\000n\000g\000s\000S\000c\000r\000e\000e\000n\000\040\040\024\000\040\000C\000o\000n\000f\000i\000g\000u\000r\000a\000c\000i\000\363\000n}{subsection.7.2}% 42
\BOOKMARK [3][-]{subsubsection.7.2.8}{\376\377\000G\000l\000o\000b\000a\000l\000R\000e\000c\000i\000p\000e\000S\000e\000a\000r\000c\000h\000F\000r\000a\000g\000m\000e\000n\000t\000\040\000\040\000G\000l\000o\000b\000a\000l\000R\000e\000c\000i\000p\000e\000S\000e\000a\000r\000c\000h\000S\000c\000r\000e\000e\000n\000\040\040\024\000\040\000B\000\372\000s\000q\000u\000e\000d\000a\000\040\000g\000l\000o\000b\000a\000l}{subsection.7.2}% 43
\BOOKMARK [3][-]{subsubsection.7.2.9}{\376\377\000L\000e\000f\000t\000M\000e\000n\000u\000F\000r\000a\000g\000m\000e\000n\000t\000\040\000\040\000M\000a\000i\000n\000S\000c\000r\000e\000e\000n\000\040\000+\000\040\000L\000e\000f\000t\000M\000e\000n\000u\000S\000c\000r\000e\000e\000n\000\040\040\024\000\040\000S\000i\000s\000t\000e\000m\000a\000\040\000d\000e\000\040\000d\000o\000s\000\040\000p\000a\000n\000e\000l\000e\000s}{subsection.7.2}% 44
\BOOKMARK [2][-]{subsection.7.3}{\376\377\000A\000s\000i\000g\000n\000a\000c\000i\000\363\000n\000\040\000d\000e\000\040\000i\000d\000e\000n\000t\000i\000f\000i\000c\000a\000d\000o\000r\000e\000s\000\040\000y\000\040\000p\000r\000o\000p\000i\000e\000d\000a\000d\000e\000s\000\040\000p\000a\000r\000a\000\040\000c\000a\000d\000a\000\040\000v\000i\000s\000t\000a}{section.7}% 45
\BOOKMARK [3][-]{subsubsection.7.3.1}{\376\377\000a\000c\000t\000i\000v\000i\000t\000y\000\137\000m\000a\000i\000n\000.\000x\000m\000l\000\040\040\024\000\040\000I\000d\000e\000n\000t\000i\000f\000i\000c\000a\000d\000o\000r\000e\000s\000\040\000X\000M\000L}{subsection.7.3}% 46
\BOOKMARK [3][-]{subsubsection.7.3.2}{\376\377\000f\000r\000a\000g\000m\000e\000n\000t\000\137\000g\000l\000o\000b\000a\000l\000\137\000r\000e\000c\000i\000p\000e\000\137\000s\000e\000a\000r\000c\000h\000.\000x\000m\000l\000\040\040\024\000\040\000I\000d\000e\000n\000t\000i\000f\000i\000c\000a\000d\000o\000r\000e\000s\000\040\000X\000M\000L}{subsection.7.3}% 47
\BOOKMARK [3][-]{subsubsection.7.3.3}{\376\377\000M\000a\000i\000n\000A\000c\000t\000i\000v\000i\000t\000y\000\040\040\024\000\040\000V\000i\000s\000t\000a\000s\000\040\000C\000o\000m\000p\000o\000s\000e}{subsection.7.3}% 48
\BOOKMARK [3][-]{subsubsection.7.3.4}{\376\377\000R\000e\000c\000i\000p\000e\000D\000e\000t\000a\000i\000l\000A\000c\000t\000i\000v\000i\000t\000y\000\040\040\024\000\040\000V\000i\000s\000t\000a\000s\000\040\000C\000o\000m\000p\000o\000s\000e}{subsection.7.3}% 49
\BOOKMARK [3][-]{subsubsection.7.3.5}{\376\377\000H\000o\000m\000e\000F\000r\000a\000g\000m\000e\000n\000t\000\040\000\040\000R\000e\000c\000i\000p\000e\000L\000i\000s\000t\000S\000c\000r\000e\000e\000n\000\040\040\024\000\040\000V\000i\000s\000t\000a\000s\000\040\000C\000o\000m\000p\000o\000s\000e}{subsection.7.3}% 50
\BOOKMARK [3][-]{subsubsection.7.3.6}{\376\377\000F\000a\000v\000o\000r\000i\000t\000e\000s\000F\000r\000a\000g\000m\000e\000n\000t\000\040\000\040\000F\000a\000v\000o\000r\000i\000t\000e\000s\000S\000c\000r\000e\000e\000n\000\040\040\024\000\040\000V\000i\000s\000t\000a\000s\000\040\000C\000o\000m\000p\000o\000s\000e}{subsection.7.3}% 51
\BOOKMARK [3][-]{subsubsection.7.3.7}{\376\377\000M\000e\000n\000u\000G\000e\000n\000e\000r\000a\000t\000o\000r\000F\000r\000a\000g\000m\000e\000n\000t\000\040\000\040\000M\000e\000n\000u\000G\000e\000n\000e\000r\000a\000t\000o\000r\000S\000c\000r\000e\000e\000n\000\040\040\024\000\040\000V\000i\000s\000t\000a\000s\000\040\000C\000o\000m\000p\000o\000s\000e}{subsection.7.3}% 52
\BOOKMARK [3][-]{subsubsection.7.3.8}{\376\377\000S\000e\000t\000t\000i\000n\000g\000s\000F\000r\000a\000g\000m\000e\000n\000t\000\040\000\040\000S\000e\000t\000t\000i\000n\000g\000s\000S\000c\000r\000e\000e\000n\000\040\040\024\000\040\000V\000i\000s\000t\000a\000s\000\040\000C\000o\000m\000p\000o\000s\000e}{subsection.7.3}% 53
\BOOKMARK [3][-]{subsubsection.7.3.9}{\376\377\000L\000e\000f\000t\000M\000e\000n\000u\000F\000r\000a\000g\000m\000e\000n\000t\000\040\000\040\000M\000a\000i\000n\000S\000c\000r\000e\000e\000n\000\040\040\024\000\040\000L\000a\000y\000o\000u\000t\000\040\000d\000e\000\040\000d\000o\000s\000\040\000p\000a\000n\000e\000l\000e\000s}{subsection.7.3}% 54
\BOOKMARK [3][-]{subsubsection.7.3.10}{\376\377\000L\000e\000f\000t\000M\000e\000n\000u\000S\000c\000r\000e\000e\000n\000\040\040\024\000\040\000P\000a\000n\000e\000l\000\040\000i\000z\000q\000u\000i\000e\000r\000d\000o}{subsection.7.3}% 55
\BOOKMARK [2][-]{subsection.7.4}{\376\377\000D\000e\000f\000i\000n\000i\000c\000i\000\363\000n\000\040\000d\000e\000\040\000v\000a\000r\000i\000a\000b\000l\000e\000s\000\040\000y\000\040\000v\000\355\000n\000c\000u\000l\000o\000s\000\040\000d\000e\000\040\000e\000s\000t\000a\000s\000\040\000c\000o\000n\000\040\000l\000o\000s\000\040\000i\000d\000e\000n\000t\000i\000f\000i\000c\000a\000d\000o\000r\000e\000s}{section.7}% 56
\BOOKMARK [3][-]{subsubsection.7.4.1}{\376\377\000a\000c\000t\000i\000v\000i\000t\000y\000\137\000m\000a\000i\000n\000.\000x\000m\000l\000\040\040\024\000\040\000V\000\355\000n\000c\000u\000l\000o\000\040\000X\000M\000L\000\040\000t\000r\000a\000d\000i\000c\000i\000o\000n\000a\000l}{subsection.7.4}% 57
\BOOKMARK [3][-]{subsubsection.7.4.2}{\376\377\000C\000o\000m\000p\000o\000s\000e\000S\000c\000r\000e\000e\000n\000F\000r\000a\000g\000m\000e\000n\000t\000\040\040\024\000\040\000V\000\355\000n\000c\000u\000l\000o\000\040\000p\000r\000o\000g\000r\000a\000m\000\341\000t\000i\000c\000o\000\040\000d\000e\000l\000\040\000C\000o\000m\000p\000o\000s\000e\000V\000i\000e\000w}{subsection.7.4}% 58
\BOOKMARK [3][-]{subsubsection.7.4.3}{\376\377\000M\000a\000i\000n\000A\000c\000t\000i\000v\000i\000t\000y\000\040\040\024\000\040\000V\000a\000r\000i\000a\000b\000l\000e\000s\000\040\000y\000\040\000v\000\355\000n\000c\000u\000l\000o\000s}{subsection.7.4}% 59
\BOOKMARK [3][-]{subsubsection.7.4.4}{\376\377\000R\000e\000c\000i\000p\000e\000D\000e\000t\000a\000i\000l\000A\000c\000t\000i\000v\000i\000t\000y\000\040\040\024\000\040\000V\000a\000r\000i\000a\000b\000l\000e\000s\000\040\000y\000\040\000v\000\355\000n\000c\000u\000l\000o\000s}{subsection.7.4}% 60
\BOOKMARK [3][-]{subsubsection.7.4.5}{\376\377\000H\000o\000m\000e\000F\000r\000a\000g\000m\000e\000n\000t\000\040\040\024\000\040\000V\000a\000r\000i\000a\000b\000l\000e\000s\000\040\000y\000\040\000v\000\355\000n\000c\000u\000l\000o\000s}{subsection.7.4}% 61
\BOOKMARK [3][-]{subsubsection.7.4.6}{\376\377\000L\000e\000f\000t\000M\000e\000n\000u\000F\000r\000a\000g\000m\000e\000n\000t\000\040\000\040\000M\000a\000i\000n\000S\000c\000r\000e\000e\000n\000\040\040\024\000\040\000V\000a\000r\000i\000a\000b\000l\000e\000s\000\040\000y\000\040\000v\000\355\000n\000c\000u\000l\000o\000s}{subsection.7.4}% 62
\BOOKMARK [3][-]{subsubsection.7.4.7}{\376\377\000P\000h\000o\000t\000o\000s\000S\000c\000r\000e\000e\000n\000\040\040\024\000\040\000V\000a\000r\000i\000a\000b\000l\000e\000s\000\040\000y\000\040\000v\000\355\000n\000c\000u\000l\000o\000s}{subsection.7.4}% 63
\BOOKMARK [3][-]{subsubsection.7.4.8}{\376\377\000V\000i\000d\000e\000o\000S\000c\000r\000e\000e\000n\000\040\040\024\000\040\000V\000a\000r\000i\000a\000b\000l\000e\000s\000\040\000y\000\040\000v\000\355\000n\000c\000u\000l\000o\000s}{subsection.7.4}% 64
\BOOKMARK [3][-]{subsubsection.7.4.9}{\376\377\000W\000e\000b\000S\000c\000r\000e\000e\000n\000\040\040\024\000\040\000V\000a\000r\000i\000a\000b\000l\000e\000s\000\040\000y\000\040\000v\000\355\000n\000c\000u\000l\000o\000s}{subsection.7.4}% 65
\BOOKMARK [3][-]{subsubsection.7.4.10}{\376\377\000C\000o\000n\000t\000r\000o\000l\000s\000S\000c\000r\000e\000e\000n\000\040\040\024\000\040\000V\000a\000r\000i\000a\000b\000l\000e\000s\000\040\000y\000\040\000v\000\355\000n\000c\000u\000l\000o\000s}{subsection.7.4}% 66
\BOOKMARK [2][-]{subsection.7.5}{\376\377\000I\000d\000e\000n\000t\000i\000f\000i\000c\000a\000c\000i\000\363\000n\000\040\000d\000e\000\040\000l\000o\000s\000\040\000e\000v\000e\000n\000t\000o\000s\000\040\000y\000\040\000d\000e\000c\000l\000a\000r\000a\000c\000i\000\363\000n\000\040\000d\000e\000\040\000l\000o\000s\000\040\000m\000\351\000t\000o\000d\000o\000s\000\040\000d\000e\000\040\000c\000a\000d\000a\000\040\000u\000n\000o}{section.7}% 67
\BOOKMARK [3][-]{subsubsection.7.5.1}{\376\377\000M\000a\000i\000n\000A\000c\000t\000i\000v\000i\000t\000y\000\040\040\024\000\040\000E\000v\000e\000n\000t\000o\000s\000\040\000y\000\040\000m\000\351\000t\000o\000d\000o\000s}{subsection.7.5}% 68
\BOOKMARK [3][-]{subsubsection.7.5.2}{\376\377\000R\000e\000c\000i\000p\000e\000D\000e\000t\000a\000i\000l\000A\000c\000t\000i\000v\000i\000t\000y\000\040\040\024\000\040\000E\000v\000e\000n\000t\000o\000s\000\040\000y\000\040\000m\000\351\000t\000o\000d\000o\000s}{subsection.7.5}% 69
\BOOKMARK [3][-]{subsubsection.7.5.3}{\376\377\000H\000o\000m\000e\000F\000r\000a\000g\000m\000e\000n\000t\000\040\040\024\000\040\000E\000v\000e\000n\000t\000o\000s\000\040\000y\000\040\000m\000\351\000t\000o\000d\000o\000s}{subsection.7.5}% 70
\BOOKMARK [3][-]{subsubsection.7.5.4}{\376\377\000F\000a\000v\000o\000r\000i\000t\000e\000s\000F\000r\000a\000g\000m\000e\000n\000t\000\040\040\024\000\040\000E\000v\000e\000n\000t\000o\000s\000\040\000y\000\040\000m\000\351\000t\000o\000d\000o\000s}{subsection.7.5}% 71
\BOOKMARK [3][-]{subsubsection.7.5.5}{\376\377\000M\000e\000n\000u\000G\000e\000n\000e\000r\000a\000t\000o\000r\000F\000r\000a\000g\000m\000e\000n\000t\000\040\040\024\000\040\000E\000v\000e\000n\000t\000o\000s\000\040\000y\000\040\000m\000\351\000t\000o\000d\000o\000s}{subsection.7.5}% 72
\BOOKMARK [3][-]{subsubsection.7.5.6}{\376\377\000S\000e\000t\000t\000i\000n\000g\000s\000F\000r\000a\000g\000m\000e\000n\000t\000\040\040\024\000\040\000E\000v\000e\000n\000t\000o\000s\000\040\000y\000\040\000m\000\351\000t\000o\000d\000o\000s}{subsection.7.5}% 73
\BOOKMARK [3][-]{subsubsection.7.5.7}{\376\377\000G\000l\000o\000b\000a\000l\000R\000e\000c\000i\000p\000e\000S\000e\000a\000r\000c\000h\000F\000r\000a\000g\000m\000e\000n\000t\000\040\040\024\000\040\000E\000v\000e\000n\000t\000o\000s\000\040\000y\000\040\000m\000\351\000t\000o\000d\000o\000s}{subsection.7.5}% 74
\BOOKMARK [3][-]{subsubsection.7.5.8}{\376\377\000L\000e\000f\000t\000M\000e\000n\000u\000F\000r\000a\000g\000m\000e\000n\000t\000\040\000\040\000M\000a\000i\000n\000S\000c\000r\000e\000e\000n\000\040\040\024\000\040\000E\000v\000e\000n\000t\000o\000s\000\040\000y\000\040\000m\000\351\000t\000o\000d\000o\000s}{subsection.7.5}% 75
\BOOKMARK [3][-]{subsubsection.7.5.9}{\376\377\000P\000r\000o\000f\000i\000l\000e\000S\000c\000r\000e\000e\000n\000\040\040\024\000\040\000E\000v\000e\000n\000t\000o\000s\000\040\000y\000\040\000m\000\351\000t\000o\000d\000o\000s}{subsection.7.5}% 76
\BOOKMARK [3][-]{subsubsection.7.5.10}{\376\377\000P\000h\000o\000t\000o\000s\000S\000c\000r\000e\000e\000n\000\040\040\024\000\040\000E\000v\000e\000n\000t\000o\000s\000\040\000y\000\040\000m\000\351\000t\000o\000d\000o\000s}{subsection.7.5}% 77
\BOOKMARK [3][-]{subsubsection.7.5.11}{\376\377\000V\000i\000d\000e\000o\000S\000c\000r\000e\000e\000n\000\040\040\024\000\040\000E\000v\000e\000n\000t\000o\000s\000\040\000y\000\040\000m\000\351\000t\000o\000d\000o\000s}{subsection.7.5}% 78
\BOOKMARK [3][-]{subsubsection.7.5.12}{\376\377\000W\000e\000b\000S\000c\000r\000e\000e\000n\000\040\040\024\000\040\000E\000v\000e\000n\000t\000o\000s\000\040\000y\000\040\000m\000\351\000t\000o\000d\000o\000s}{subsection.7.5}% 79
\BOOKMARK [3][-]{subsubsection.7.5.13}{\376\377\000C\000o\000n\000t\000r\000o\000l\000s\000S\000c\000r\000e\000e\000n\000\040\040\024\000\040\000E\000v\000e\000n\000t\000o\000s\000\040\000y\000\040\000m\000\351\000t\000o\000d\000o\000s}{subsection.7.5}% 80
\BOOKMARK [1][-]{section.8}{\376\377\000R\000e\000f\000e\000r\000e\000n\000c\000i\000a\000s\000\040\000d\000e\000\040\000l\000a\000\040\000E\000n\000t\000r\000e\000g\000a\000\040\0002}{}% 81
